<?xml version="1.0" encoding="UTF-8"?>
<!-- Generated by org.testng.reporters.JUnitReportReporter -->
<testsuite hostname="Pkaifeng" name="com.mocne.myTestNGDemo" tests="2" failures="0" timestamp="16 Jan 2018 09:45:38 GMT" time="19.517" errors="0">
  <testcase name="f2" time="9.260" classname="com.mocne.myTestNGDemo"/>
  <testcase name="f1" time="10.257" classname="com.mocne.myTestNGDemo"/>
</testsuite> <!-- com.mocne.myTestNGDemo -->
