<?xml version="1.0" encoding="UTF-8"?>
<!-- Generated by org.testng.reporters.JUnitReportReporter -->
<testsuite hostname="Pkaifeng" name="com.mocne.NewTestH5" tests="1" failures="0" timestamp="26 Jan 2018 02:44:33 GMT" time="507.160" errors="0">
  <testcase name="f" time="507.160" classname="com.mocne.NewTestH5"/>
</testsuite> <!-- com.mocne.NewTestH5 -->
