<?xml version="1.0" encoding="UTF-8"?>
<!-- Generated by org.testng.reporters.JUnitReportReporter -->
<testsuite hostname="Pkaifeng" name="com.mocne.sqlHandleTest" tests="22" failures="0" timestamp="26 Jan 2018 10:55:00 GMT" time="0.066" errors="0">
  <testcase name="testSelect" time="0.003" classname="com.mocne.sqlHandleTest"/>
  <testcase name="testSelect" time="0.002" classname="com.mocne.sqlHandleTest"/>
  <testcase name="testSelect" time="0.007" classname="com.mocne.sqlHandleTest"/>
  <testcase name="testSelect" time="0.002" classname="com.mocne.sqlHandleTest"/>
  <testcase name="testSelect" time="0.002" classname="com.mocne.sqlHandleTest"/>
  <testcase name="testSelect" time="0.003" classname="com.mocne.sqlHandleTest"/>
  <testcase name="testSelect" time="0.005" classname="com.mocne.sqlHandleTest"/>
  <testcase name="testSelect" time="0.002" classname="com.mocne.sqlHandleTest"/>
  <testcase name="testSelect" time="0.002" classname="com.mocne.sqlHandleTest"/>
  <testcase name="testSelect" time="0.001" classname="com.mocne.sqlHandleTest"/>
  <testcase name="testSelect" time="0.003" classname="com.mocne.sqlHandleTest"/>
  <testcase name="testSelect" time="0.004" classname="com.mocne.sqlHandleTest"/>
  <testcase name="testSelect" time="0.004" classname="com.mocne.sqlHandleTest"/>
  <testcase name="testSelect" time="0.007" classname="com.mocne.sqlHandleTest"/>
  <testcase name="testSelect" time="0.002" classname="com.mocne.sqlHandleTest"/>
  <testcase name="testSelect" time="0.004" classname="com.mocne.sqlHandleTest"/>
  <testcase name="testSelect" time="0.003" classname="com.mocne.sqlHandleTest"/>
  <testcase name="testSelect" time="0.002" classname="com.mocne.sqlHandleTest"/>
  <testcase name="testSelect" time="0.001" classname="com.mocne.sqlHandleTest"/>
  <testcase name="testSelect" time="0.004" classname="com.mocne.sqlHandleTest"/>
  <testcase name="testSelect" time="0.002" classname="com.mocne.sqlHandleTest"/>
  <testcase name="testSelect" time="0.001" classname="com.mocne.sqlHandleTest"/>
</testsuite> <!-- com.mocne.sqlHandleTest -->
