<?xml version="1.0" encoding="UTF-8"?>
<!-- Generated by org.testng.reporters.JUnitReportReporter -->
<testsuite hostname="Pkaifeng" name="com.mocne.test2audit" tests="1" failures="0" timestamp="6 Mar 2018 10:34:59 GMT" time="55.943" errors="0">
  <testcase name="testLogIn" time="55.943" classname="com.mocne.test2audit"/>
</testsuite> <!-- com.mocne.test2audit -->
