<?xml version="1.0" encoding="UTF-8"?>
<!-- Generated by org.testng.reporters.JUnitReportReporter -->
<testsuite hostname="Pkaifeng" name="com.mocne.demo2" tests="2" failures="0" timestamp="19 Jan 2018 09:23:04 GMT" time="21.924" errors="0">
  <testcase name="getdatas" time="0.492" classname="com.mocne.demo2"/>
  <testcase name="testLogIn" time="21.432" classname="com.mocne.demo2"/>
</testsuite> <!-- com.mocne.demo2 -->
